<?xml version="1.0" encoding="UTF-8"?>
<testsuite xmlns:xsi="http://www.w3.org/2001/XMLSchema-instance" xsi:noNamespaceSchemaLocation="https://maven.apache.org/surefire/maven-surefire-plugin/xsd/surefire-test-report.xsd" version="3.0.2" name="org.example.springboot.SpringbootApplicationTests" time="1.593" tests="1" errors="0" skipped="0" failures="0">
  <properties>
[...]
</properties>
  <testcase name="contextLoads" classname="org.example.springboot.SpringbootApplicationTests" time="0.466">
    <system-out><![CDATA[07:11:41.686 [main] INFO org.springframework.test.context.support.AnnotationConfigContextLoaderUtils -- Could not detect default configuration classes for test class [org.example.springboot.SpringbootApplicationTests]: SpringbootApplicationTests does not declare any static, non-private, non-final, nested classes annotated with @Configuration.
07:11:41.749 [main] INFO org.springframework.boot.test.context.SpringBootTestContextBootstrapper -- Found @SpringBootConfiguration org.example.springboot.SpringbootApplication for test class org.example.springboot.SpringbootApplicationTests

  .   ____          _            __ _ _
 /\\ / ___'_ __ _ _(_)_ __  __ _ \ \ \ \
( ( )\___ | '_ | '_| | '_ \/ _` | \ \ \ \
 \\/  ___)| |_)| | | | | || (_| |  ) ) ) )
  '  |____| .__|_| |_|_| |_\__, | / / / /
 =========|_|==============|___/=/_/_/_/

 :: Spring Boot ::                (v3.4.0)

2025-03-08T07:11:41.988+08:00  INFO 25213 --- [springboot] [           main] o.e.s.SpringbootApplicationTests         : Starting SpringbootApplicationTests using Java 17.0.3 with PID 25213 (started by jasonzhu in /Users/jasonzhu/IdeaProjects/springboot)
2025-03-08T07:11:41.989+08:00  INFO 25213 --- [springboot] [           main] o.e.s.SpringbootApplicationTests         : No active profile set, falling back to 1 default profile: "default"
2025-03-08T07:11:42.713+08:00  INFO 25213 --- [springboot] [           main] o.e.s.SpringbootApplicationTests         : Started SpringbootApplicationTests in 0.887 seconds (process running for 1.438)
]]></system-out>
  </testcase>
</testsuite>